This is pdfTeX, Version 3.141592653-2.6-1.40.25 (TeX Live 2023) (preloaded format=pdflatex 2025.10.26)  27 OCT 2025 19:48
entering extended mode
 restricted \write18 enabled.
 file:line:error style messages enabled.
 %&-line parsing enabled.
**"/home/jason/Documents/Cheat Sheats/LaTeX/useful_forms/useful_forms.tex"
(/home/jason/Documents/Cheat Sheats/LaTeX/useful_forms/useful_forms.tex
LaTeX2e <2022-11-01> patch level 1
L3 programming layer <2023-02-22> (/usr/share/texlive/texmf-dist/tex/latex/base/article.cls
Document Class: article 2022/07/02 v1.4n Standard LaTeX document class
(/usr/share/texlive/texmf-dist/tex/latex/base/size12.clo
File: size12.clo 2022/07/02 v1.4n Standard LaTeX file (size option)
)
\c@part=\count185
\c@section=\count186
\c@subsection=\count187
\c@subsubsection=\count188
\c@paragraph=\count189
\c@subparagraph=\count190
\c@figure=\count191
\c@table=\count192
\abovecaptionskip=\skip48
\belowcaptionskip=\skip49
\bibindent=\dimen140
) (/usr/share/texlive/texmf-dist/tex/latex/base/inputenc.sty
Package: inputenc 2021/02/14 v1.3d Input encoding file
\inpenc@prehook=\toks16
\inpenc@posthook=\toks17
) (/usr/share/texlive/texmf-dist/tex/latex/amsmath/amsmath.sty
Package: amsmath 2022/04/08 v2.17n AMS math features
\@mathmargin=\skip50

For additional information on amsmath, use the `?' option.
(/usr/share/texlive/texmf-dist/tex/latex/amsmath/amstext.sty
Package: amstext 2021/08/26 v2.01 AMS text
 (/usr/share/texlive/texmf-dist/tex/latex/amsmath/amsgen.sty
File: amsgen.sty 1999/11/30 v2.0 generic functions
\@emptytoks=\toks18
\ex@=\dimen141
)) (/usr/share/texlive/texmf-dist/tex/latex/amsmath/amsbsy.sty
Package: amsbsy 1999/11/29 v1.2d Bold Symbols
\pmbraise@=\dimen142
) (/usr/share/texlive/texmf-dist/tex/latex/amsmath/amsopn.sty
Package: amsopn 2022/04/08 v2.04 operator names
)
\inf@bad=\count193
LaTeX Info: Redefining \frac on input line 234.
\uproot@=\count194
\leftroot@=\count195
LaTeX Info: Redefining \overline on input line 399.
LaTeX Info: Redefining \colon on input line 410.
\classnum@=\count196
\DOTSCASE@=\count197
LaTeX Info: Redefining \ldots on input line 496.
LaTeX Info: Redefining \dots on input line 499.
LaTeX Info: Redefining \cdots on input line 620.
\Mathstrutbox@=\box51
\strutbox@=\box52
LaTeX Info: Redefining \big on input line 722.
LaTeX Info: Redefining \Big on input line 723.
LaTeX Info: Redefining \bigg on input line 724.
LaTeX Info: Redefining \Bigg on input line 725.
\big@size=\dimen143
LaTeX Font Info:    Redeclaring font encoding OML on input line 743.
LaTeX Font Info:    Redeclaring font encoding OMS on input line 744.
\macc@depth=\count198
LaTeX Info: Redefining \bmod on input line 905.
LaTeX Info: Redefining \pmod on input line 910.
LaTeX Info: Redefining \smash on input line 940.
LaTeX Info: Redefining \relbar on input line 970.
LaTeX Info: Redefining \Relbar on input line 971.
\c@MaxMatrixCols=\count199
\dotsspace@=\muskip16
\c@parentequation=\count266
\dspbrk@lvl=\count267
\tag@help=\toks19
\row@=\count268
\column@=\count269
\maxfields@=\count270
\andhelp@=\toks20
\eqnshift@=\dimen144
\alignsep@=\dimen145
\tagshift@=\dimen146
\tagwidth@=\dimen147
\totwidth@=\dimen148
\lineht@=\dimen149
\@envbody=\toks21
\multlinegap=\skip51
\multlinetaggap=\skip52
\mathdisplay@stack=\toks22
LaTeX Info: Redefining \[ on input line 2953.
LaTeX Info: Redefining \] on input line 2954.
) (/usr/share/texlive/texmf-dist/tex/latex/amsfonts/amssymb.sty
Package: amssymb 2013/01/14 v3.01 AMS font symbols
 (/usr/share/texlive/texmf-dist/tex/latex/amsfonts/amsfonts.sty
Package: amsfonts 2013/01/14 v3.01 Basic AMSFonts support
\symAMSa=\mathgroup4
\symAMSb=\mathgroup5
LaTeX Font Info:    Redeclaring math symbol \hbar on input line 98.
LaTeX Font Info:    Overwriting math alphabet `\mathfrak' in version `bold'
(Font)                  U/euf/m/n --> U/euf/b/n on input line 106.
)) (/usr/share/texlive/texmf-dist/tex/latex/amscls/amsthm.sty
Package: amsthm 2020/05/29 v2.20.6
\thm@style=\toks23
\thm@bodyfont=\toks24
\thm@headfont=\toks25
\thm@notefont=\toks26
\thm@headpunct=\toks27
\thm@preskip=\skip53
\thm@postskip=\skip54
\thm@headsep=\skip55
\dth@everypar=\toks28
) (/usr/share/texlive/texmf-dist/tex/latex/preprint/fullpage.sty
Package: fullpage 1999/02/23 1.1 (PWD)
\FP@margin=\skip56
) (/usr/share/texlive/texmf-dist/tex/latex/l3backend/l3backend-pdftex.def
File: l3backend-pdftex.def 2023-01-16 L3 backend support: PDF output (pdfTeX)
\l__color_backend_stack_int=\count271
\l__pdf_internal_box=\box53
) (./useful_forms.aux)
\openout1 = `useful_forms.aux'.

LaTeX Font Info:    Checking defaults for OML/cmm/m/it on input line 6.
LaTeX Font Info:    ... okay on input line 6.
LaTeX Font Info:    Checking defaults for OMS/cmsy/m/n on input line 6.
LaTeX Font Info:    ... okay on input line 6.
LaTeX Font Info:    Checking defaults for OT1/cmr/m/n on input line 6.
LaTeX Font Info:    ... okay on input line 6.
LaTeX Font Info:    Checking defaults for T1/cmr/m/n on input line 6.
LaTeX Font Info:    ... okay on input line 6.
LaTeX Font Info:    Checking defaults for TS1/cmr/m/n on input line 6.
LaTeX Font Info:    ... okay on input line 6.
LaTeX Font Info:    Checking defaults for OMX/cmex/m/n on input line 6.
LaTeX Font Info:    ... okay on input line 6.
LaTeX Font Info:    Checking defaults for U/cmr/m/n on input line 6.
LaTeX Font Info:    ... okay on input line 6.
LaTeX Font Info:    Trying to load font information for U+msa on input line 9.
 (/usr/share/texlive/texmf-dist/tex/latex/amsfonts/umsa.fd
File: umsa.fd 2013/01/14 v3.01 AMS symbols A
)
LaTeX Font Info:    Trying to load font information for U+msb on input line 9.
 (/usr/share/texlive/texmf-dist/tex/latex/amsfonts/umsb.fd
File: umsb.fd 2013/01/14 v3.01 AMS symbols B
)
Overfull \hbox (15.8517pt too wide) in paragraph at lines 17--92
\OT1/cmr/bx/n/12 Integrated Rate Law of a Sec-ond or Higher
 []

[1


{/var/lib/texmf/fonts/map/pdftex/updmap/pdftex.map}]
Overfull \hbox (15.1975pt too wide) in paragraph at lines 100--169
\OT1/cmr/bx/n/12 Velocity-Displacement Re-la-tion with Con-
 []

[2]
Overfull \hbox (7.55862pt too wide) in paragraph at lines 171--213
\OT1/cmr/bx/n/12 Definitions of An-gu-lar Dis-place-ment, Ve-
 []


Overfull \hbox (9.52946pt too wide) in paragraph at lines 171--213
\OT1/cmr/bx/n/12 Angular Dis-place-ment with Con-stant Ac-
 []


Overfull \hbox (5.21834pt too wide) in paragraph at lines 171--213
\OT1/cmr/bx/n/12 Angular Velocity-Displacement Re-la-tion
 []


Overfull \hbox (8.26006pt too wide) in paragraph at lines 171--213
\OT1/cmr/bx/n/12 Newton's Sec-ond Law for Ro-ta-tional Mo-
 []


Overfull \hbox (0.50311pt too wide) in paragraph at lines 171--213
\OT1/cmr/bx/n/12 Newton's Third Law for Ro-ta-tional Mo-
 []

[3] [4]
Overfull \hbox (4.84521pt too wide) in paragraph at lines 295--360
[]\OT1/cmr/m/n/12 (\OML/cmm/m/it/12 x\OT1/cmr/m/n/12 ) \OMS/cmsy/m/n/12 ^^@ []\OT1/cmr/m/n/12 (\OML/cmm/m/it/12 y\OT1/cmr/m/n/12 ) = \OMS/cmsy/m/n/12 ^^@\OT1/cmr/m/n/12 2 [] [] [] []$ 
 []

[5]
Overfull \hbox (2.81828pt too wide) in paragraph at lines 364--397
[]\OT1/cmr/m/n/12 (\OML/cmm/m/it/12 x \OMS/cmsy/m/n/12 ^^F \OML/cmm/m/it/12 y\OT1/cmr/m/n/12 ) = [](\OML/cmm/m/it/12 x\OT1/cmr/m/n/12 ) \OMS/cmsy/m/n/12 ^^A []\OT1/cmr/m/n/12 (\OML/cmm/m/it/12 y\OT1/cmr/m/n/12 ) \OMS/cmsy/m/n/12 ^^F []\OT1/cmr/m/n/12 (\OML/cmm/m/it/12 x\OT1/cmr/m/n/12 ) [](\OML/cmm/m/it/12 y\OT1/cmr/m/n/12 )$ 
 []


Overfull \hbox (20.12259pt too wide) in paragraph at lines 364--397
[]\OT1/cmr/m/n/12 (\OML/cmm/m/it/12 x\OT1/cmr/m/n/12 ) + [](\OML/cmm/m/it/12 y\OT1/cmr/m/n/12 ) = 2 [] [] [] []$ 
 []


Overfull \hbox (20.31715pt too wide) in paragraph at lines 364--397
[]\OT1/cmr/m/n/12 (\OML/cmm/m/it/12 x\OT1/cmr/m/n/12 ) \OMS/cmsy/m/n/12 ^^@ []\OT1/cmr/m/n/12 (\OML/cmm/m/it/12 y\OT1/cmr/m/n/12 ) = 2 [] [] [] []$ 
 []


Overfull \hbox (24.03922pt too wide) in paragraph at lines 364--397
[]\OT1/cmr/m/n/12 (\OML/cmm/m/it/12 x\OT1/cmr/m/n/12 ) + [](\OML/cmm/m/it/12 y\OT1/cmr/m/n/12 ) = 2 [] [] [] []$ 
 []


Overfull \hbox (30.95605pt too wide) in paragraph at lines 364--397
[]\OT1/cmr/m/n/12 (\OML/cmm/m/it/12 x\OT1/cmr/m/n/12 ) \OMS/cmsy/m/n/12 ^^@ []\OT1/cmr/m/n/12 (\OML/cmm/m/it/12 y\OT1/cmr/m/n/12 ) = \OMS/cmsy/m/n/12 ^^@\OT1/cmr/m/n/12 2 [] [] [] []$ 
 []

[6] [7]
Overfull \hbox (11.60382pt too wide) in paragraph at lines 486--502
[] [] \OT1/cmr/m/n/12 = []$ 
 []


Overfull \hbox (5.1599pt too wide) in paragraph at lines 486--502
[] [] \OT1/cmr/m/n/12 = []$ 
 []


Overfull \hbox (3.41837pt too wide) in paragraph at lines 523--535
\OT1/cmr/bx/n/12 Number of Per-mu-ta-tions of a Given Sys-
 []


Overfull \hbox (5.39752pt too wide) in paragraph at lines 523--535
\OT1/cmr/bx/n/12 Number of Com-bi-na-tions of a Given Sys-
 []


Overfull \hbox (2.60167pt too wide) in paragraph at lines 539--544
\OT1/cmr/bx/n/12 Fundamental The-o-rem of Cal-cu-lus, Part
 []


Overfull \hbox (2.60167pt too wide) in paragraph at lines 539--544
\OT1/cmr/bx/n/12 Fundamental The-o-rem of Cal-cu-lus, Part
 []

[8]
Overfull \hbox (25.7541pt too wide) in paragraph at lines 566--603
[]\OML/cmm/m/it/12 f\OT1/cmr/m/n/12 (\OML/cmm/m/it/12 x\OT1/cmr/m/n/12 ) = [] [] = [] []$ 
 []


Overfull \hbox (12.94754pt too wide) in paragraph at lines 566--603
\OT1/cmr/bx/n/12 Inverse Hy-per-bolic Trigono-met-ric Deriva-
 []

[9]
Overfull \hbox (2.52121pt too wide) in paragraph at lines 605--630
[] [] \OT1/cmr/m/n/12 = \OML/cmm/m/it/12 x [] x \OMS/cmsy/m/n/12 ^^@ [] \OT1/cmr/m/n/12 + \OML/cmm/m/it/12 C\OT1/cmr/m/n/12 ; \OMS/cmsy/m/n/12 j\OML/cmm/m/it/12 x\OMS/cmsy/m/n/12 j ^^T
 []


Overfull \hbox (35.98875pt too wide) in paragraph at lines 605--630
[] [] \OT1/cmr/m/n/12 = \OML/cmm/m/it/12 x[]x \OT1/cmr/m/n/12 + [] [] +
 []


Overfull \hbox (36.18332pt too wide) in paragraph at lines 605--630
[] [] \OT1/cmr/m/n/12 = \OML/cmm/m/it/12 x[]x \OMS/cmsy/m/n/12 ^^@ [] [] \OT1/cmr/m/n/12 +
 []


Overfull \hbox (7.5642pt too wide) in paragraph at lines 632--654
\OT1/cmr/bx/n/12 Power Se-ries of Trigono-met-ric Func-tions:
 []


Underfull \hbox (badness 10000) in paragraph at lines 632--654

 []

[10] [11] [12

] (./useful_forms.aux) ) 
Here is how much of TeX's memory you used:
 1866 strings out of 476034
 27590 string characters out of 5792863
 1876388 words of memory out of 6000000
 22345 multiletter control sequences out of 15000+600000
 520105 words of font info for 62 fonts, out of 8000000 for 9000
 1137 hyphenation exceptions out of 8191
 56i,8n,62p,314b,156s stack positions out of 10000i,1000n,20000p,200000b,200000s
</usr/share/texlive/texmf-dist/fonts/type1/public/amsfonts/cm/cmbx12.pfb></usr/share/texlive/texmf-dist/fonts/type1/public/amsfonts/cm/cmex10.pfb></usr/share/texlive/texmf-dist/fonts/type1/public/amsfonts/cm/cmmi12.pfb></usr/share/texlive/texmf-dist/fonts/type1/public/amsfonts/cm/cmmi6.pfb></usr/share/texlive/texmf-dist/fonts/type1/public/amsfonts/cm/cmmi8.pfb></usr/share/texlive/texmf-dist/fonts/type1/public/amsfonts/cm/cmr12.pfb></usr/share/texlive/texmf-dist/fonts/type1/public/amsfonts/cm/cmr6.pfb></usr/share/texlive/texmf-dist/fonts/type1/public/amsfonts/cm/cmr8.pfb></usr/share/texlive/texmf-dist/fonts/type1/public/amsfonts/cm/cmsy10.pfb></usr/share/texlive/texmf-dist/fonts/type1/public/amsfonts/cm/cmsy6.pfb></usr/share/texlive/texmf-dist/fonts/type1/public/amsfonts/cm/cmsy8.pfb></usr/share/texlive/texmf-dist/fonts/type1/public/amsfonts/symbols/msbm10.pfb>
Output written on useful_forms.pdf (12 pages, 186501 bytes).
PDF statistics:
 103 PDF objects out of 1000 (max. 8388607)
 64 compressed objects within 1 object stream
 0 named destinations out of 1000 (max. 500000)
 1 words of extra memory for PDF output out of 10000 (max. 10000000)

